<?xml version="1.0" encoding="UTF-8"?>
<testng-results skipped="0" failed="0" ignored="0" total="1" passed="1">
  <reporter-output>
  </reporter-output>
  <suite name="Surefire suite" duration-ms="19285" started-at="2020-10-20T19:14:25Z" finished-at="2020-10-20T19:14:44Z">
    <groups>
      <group name="cucumber">
        <method signature="TestRunner.feature(cucumber.api.testng.CucumberFeatureWrapper)[pri:0, instance:MyRunner.TestRunner@4e04a765]" name="feature" class="MyRunner.TestRunner"/>
      </group> <!-- cucumber -->
    </groups>
    <test name="Surefire test" duration-ms="19285" started-at="2020-10-20T19:14:25Z" finished-at="2020-10-20T19:14:44Z">
      <class name="MyRunner.TestRunner">
        <test-method status="PASS" signature="setUpClass()[pri:0, instance:MyRunner.TestRunner@4e04a765]" name="setUpClass" is-config="true" duration-ms="547" started-at="2020-10-20T19:14:25Z" finished-at="2020-10-20T19:14:25Z">
          <reporter-output>
          </reporter-output>
        </test-method> <!-- setUpClass -->
        <test-method status="PASS" signature="feature(cucumber.api.testng.CucumberFeatureWrapper)[pri:0, instance:MyRunner.TestRunner@4e04a765]" name="feature" duration-ms="18518" started-at="2020-10-20T19:14:26Z" description="Runs Cucumber Feature" data-provider="features" finished-at="2020-10-20T19:14:44Z">
          <params>
            <param index="0">
              <value>
                <![CDATA[Login]]>
              </value>
            </param>
          </params>
          <reporter-output>
          </reporter-output>
        </test-method> <!-- feature -->
        <test-method status="PASS" signature="tearDown()[pri:0, instance:MyRunner.TestRunner@4e04a765]" name="tearDown" is-config="true" duration-ms="12" started-at="2020-10-20T19:14:44Z" finished-at="2020-10-20T19:14:44Z">
          <reporter-output>
          </reporter-output>
        </test-method> <!-- tearDown -->
      </class> <!-- MyRunner.TestRunner -->
    </test> <!-- Surefire test -->
  </suite> <!-- Surefire suite -->
</testng-results>
