<?xml version="1.0" encoding="UTF-8"?>
<testng-results skipped="0" failed="0" total="1" passed="1">
  <reporter-output>
  </reporter-output>
  <suite name="Suite" duration-ms="14186" started-at="2020-10-20T15:26:04Z" finished-at="2020-10-20T15:26:18Z">
    <groups>
      <group name="cucumber">
        <method signature="TestRunner.feature(cucumber.api.testng.CucumberFeatureWrapper)[pri:0, instance:MyRunner.TestRunner@566776ad]" name="feature" class="MyRunner.TestRunner"/>
      </group> <!-- cucumber -->
    </groups>
    <test name="Test" duration-ms="14186" started-at="2020-10-20T15:26:04Z" finished-at="2020-10-20T15:26:18Z">
      <class name="MyRunner.TestRunner">
        <test-method status="PASS" signature="setUpClass()[pri:0, instance:MyRunner.TestRunner@566776ad]" name="setUpClass" is-config="true" duration-ms="362" started-at="2020-10-20T11:26:04Z" finished-at="2020-10-20T11:26:05Z">
          <reporter-output>
          </reporter-output>
        </test-method> <!-- setUpClass -->
        <test-method status="PASS" signature="feature(cucumber.api.testng.CucumberFeatureWrapper)[pri:0, instance:MyRunner.TestRunner@566776ad]" name="feature" duration-ms="13725" started-at="2020-10-20T11:26:05Z" description="Runs Cucumber Feature" data-provider="features" finished-at="2020-10-20T11:26:18Z">
          <params>
            <param index="0">
              <value>
                <![CDATA[Login]]>
              </value>
            </param>
          </params>
          <reporter-output>
          </reporter-output>
        </test-method> <!-- feature -->
        <test-method status="PASS" signature="tearDown()[pri:0, instance:MyRunner.TestRunner@566776ad]" name="tearDown" is-config="true" duration-ms="13" started-at="2020-10-20T11:26:18Z" finished-at="2020-10-20T11:26:18Z">
          <reporter-output>
          </reporter-output>
        </test-method> <!-- tearDown -->
      </class> <!-- MyRunner.TestRunner -->
    </test> <!-- Test -->
  </suite> <!-- Suite -->
</testng-results>
